<?xml version="1.0" encoding="UTF-8"?>
<!-- Generated by org.testng.reporters.JUnitReportReporter -->
<testsuite hostname="silvershades" failures="0" tests="1" name="error.usererror" time="3.699" errors="0" timestamp="2022-04-03T18:07:53 IST" skipped="0">
  <testcase classname="error.usererror" name="uesererr" time="3.699"/>
  <system-out/>
</testsuite> <!-- error.usererror -->
