<?xml version="1.0" encoding="UTF-8"?>
<!-- Generated by org.testng.reporters.JUnitReportReporter -->
<testsuite hostname="silvershades" failures="0" tests="1" name="testclass.verifyuserid" time="12.880" errors="0" timestamp="2022-04-03T16:41:56 IST" skipped="0">
  <testcase classname="testclass.verifyuserid" name="validateuserid" time="12.880"/>
  <system-out/>
</testsuite> <!-- testclass.verifyuserid -->
