<?xml version="1.0" encoding="UTF-8"?>
<!-- Generated by org.testng.reporters.JUnitReportReporter -->
<testsuite hostname="silvershades" failures="0" tests="2" name="forerroruserid.errorforid" time="0.031" errors="1" timestamp="2022-04-03T16:28:26 IST" skipped="1">
  <testcase classname="forerroruserid.errorforid" name="validateusererror" time="0.000">
    <skipped/>
  </testcase> <!-- validateusererror -->
  <system-out/>
  <testcase classname="forerroruserid.errorforid" name="launchbrowse" time="0.031">
    <error type="java.lang.StackOverflowError">
      <![CDATA[java.lang.StackOverflowError
at forerroruserid.errorforid.launchbrowse(errorforid.java:27)
at forerroruserid.errorforid.launchbrowse(errorforid.java:27)
at forerroruserid.errorforid.launchbrowse(errorforid.java:27)
at forerroruserid.errorforid.launchbrowse(errorforid.java:27)
at forerroruserid.errorforid.launchbrowse(errorforid.java:27)
at forerroruserid.errorforid.launchbrowse(errorforid.java:27)
at forerroruserid.errorforid.launchbrowse(errorforid.java:27)
at forerroruserid.errorforid.launchbrowse(errorforid.java:27)
at forerroruserid.errorforid.launchbrowse(errorforid.java:27)
at forerroruserid.errorforid.launchbrowse(errorforid.java:27)
at forerroruserid.errorforid.launchbrowse(errorforid.java:27)
at forerroruserid.errorforid.launchbrowse(errorforid.java:27)
at forerroruserid.errorforid.launchbrowse(errorforid.java:27)
at forerroruserid.errorforid.launchbrowse(errorforid.java:27)
at forerroruserid.errorforid.launchbrowse(errorforid.java:27)
at forerroruserid.errorforid.launchbrowse(errorforid.java:27)
at forerroruserid.errorforid.launchbrowse(errorforid.java:27)
at forerroruserid.errorforid.launchbrowse(errorforid.java:27)
at forerroruserid.errorforid.launchbrowse(errorforid.java:27)
at forerroruserid.errorforid.launchbrowse(errorforid.java:27)
at forerroruserid.errorforid.launchbrowse(errorforid.java:27)
at forerroruserid.errorforid.launchbrowse(errorforid.java:27)
at forerroruserid.errorforid.launchbrowse(errorforid.java:27)
at forerroruserid.errorforid.launchbrowse(errorforid.java:27)
at forerroruserid.errorforid.launchbrowse(errorforid.java:27)
at forerroruserid.errorforid.launchbrowse(errorforid.java:27)
at forerroruserid.errorforid.launchbrowse(errorforid.java:27)
at forerroruserid.errorforid.launchbrowse(errorforid.java:27)
at forerroruserid.errorforid.launchbrowse(errorforid.java:27)
at forerroruserid.errorforid.launchbrowse(errorforid.java:27)
at forerroruserid.errorforid.launchbrowse(errorforid.java:27)
at forerroruserid.errorforid.launchbrowse(errorforid.java:27)
at forerroruserid.errorforid.launchbrowse(errorforid.java:27)
at forerroruserid.errorforid.launchbrowse(errorforid.java:27)
at forerroruserid.errorforid.launchbrowse(errorforid.java:27)
at forerroruserid.errorforid.launchbrowse(errorforid.java:27)
at forerroruserid.errorforid.launchbrowse(errorforid.java:27)
at forerroruserid.errorforid.launchbrowse(errorforid.java:27)
at forerroruserid.errorforid.launchbrowse(errorforid.java:27)
at forerroruserid.errorforid.launchbrowse(errorforid.java:27)
at forerroruserid.errorforid.launchbrowse(errorforid.java:27)
at forerroruserid.errorforid.launchbrowse(errorforid.java:27)
at forerroruserid.errorforid.launchbrowse(errorforid.java:27)
at forerroruserid.errorforid.launchbrowse(errorforid.java:27)
at forerroruserid.errorforid.launchbrowse(errorforid.java:27)
at forerroruserid.errorforid.launchbrowse(errorforid.java:27)
at forerroruserid.errorforid.launchbrowse(errorforid.java:27)
at forerroruserid.errorforid.launchbrowse(errorforid.java:27)
at forerroruserid.errorforid.launchbrowse(errorforid.java:27)
at forerroruserid.errorforid.launchbrowse(errorforid.java:27)
at forerroruserid.errorforid.launchbrowse(errorforid.java:27)
at forerroruserid.errorforid.launchbrowse(errorforid.java:27)
at forerroruserid.errorforid.launchbrowse(errorforid.java:27)
at forerroruserid.errorforid.launchbrowse(errorforid.java:27)
at forerroruserid.errorforid.launchbrowse(errorforid.java:27)
at forerroruserid.errorforid.launchbrowse(errorforid.java:27)
at forerroruserid.errorforid.launchbrowse(errorforid.java:27)
at forerroruserid.errorforid.launchbrowse(errorforid.java:27)
at forerroruserid.errorforid.launchbrowse(errorforid.java:27)
at forerroruserid.errorforid.launchbrowse(errorforid.java:27)
at forerroruserid.errorforid.launchbrowse(errorforid.java:27)
at forerroruserid.errorforid.launchbrowse(errorforid.java:27)
at forerroruserid.errorforid.launchbrowse(errorforid.java:27)
at forerroruserid.errorforid.launchbrowse(errorforid.java:27)
at forerroruserid.errorforid.launchbrowse(errorforid.java:27)
at forerroruserid.errorforid.launchbrowse(errorforid.java:27)
at forerroruserid.errorforid.launchbrowse(errorforid.java:27)
at forerroruserid.errorforid.launchbrowse(errorforid.java:27)
at forerroruserid.errorforid.launchbrowse(errorforid.java:27)
at forerroruserid.errorforid.launchbrowse(errorforid.java:27)
at forerroruserid.errorforid.launchbrowse(errorforid.java:27)
at forerroruserid.errorforid.launchbrowse(errorforid.java:27)
at forerroruserid.errorforid.launchbrowse(errorforid.java:27)
at forerroruserid.errorforid.launchbrowse(errorforid.java:27)
at forerroruserid.errorforid.launchbrowse(errorforid.java:27)
at forerroruserid.errorforid.launchbrowse(errorforid.java:27)
at forerroruserid.errorforid.launchbrowse(errorforid.java:27)
at forerroruserid.errorforid.launchbrowse(errorforid.java:27)
at forerroruserid.errorforid.launchbrowse(errorforid.java:27)
at forerroruserid.errorforid.launchbrowse(errorforid.java:27)
at forerroruserid.errorforid.launchbrowse(errorforid.java:27)
at forerroruserid.errorforid.launchbrowse(errorforid.java:27)
at forerroruserid.errorforid.launchbrowse(errorforid.java:27)
at forerroruserid.errorforid.launchbrowse(errorforid.java:27)
at forerroruserid.errorforid.launchbrowse(errorforid.java:27)
at forerroruserid.errorforid.launchbrowse(errorforid.java:27)
at forerroruserid.errorforid.launchbrowse(errorforid.java:27)
at forerroruserid.errorforid.launchbrowse(errorforid.java:27)
at forerroruserid.errorforid.launchbrowse(errorforid.java:27)
at forerroruserid.errorforid.launchbrowse(errorforid.java:27)
at forerroruserid.errorforid.launchbrowse(errorforid.java:27)
at forerroruserid.errorforid.launchbrowse(errorforid.java:27)
at forerroruserid.errorforid.launchbrowse(errorforid.java:27)
at forerroruserid.errorforid.launchbrowse(errorforid.java:27)
at forerroruserid.errorforid.launchbrowse(errorforid.java:27)
at forerroruserid.errorforid.launchbrowse(errorforid.java:27)
at forerroruserid.errorforid.launchbrowse(errorforid.java:27)
at forerroruserid.errorforid.launchbrowse(errorforid.java:27)
at forerroruserid.errorforid.launchbrowse(errorforid.java:27)
at forerroruserid.errorforid.launchbrowse(errorforid.java:27)
at forerroruserid.errorforid.launchbrowse(errorforid.java:27)
at forerroruserid.errorforid.launchbrowse(errorforid.java:27)
at forerroruserid.errorforid.launchbrowse(errorforid.java:27)
at forerroruserid.errorforid.launchbrowse(errorforid.java:27)
at forerroruserid.errorforid.launchbrowse(errorforid.java:27)
at forerroruserid.errorforid.launchbrowse(errorforid.java:27)
at forerroruserid.errorforid.launchbrowse(errorforid.java:27)
at forerroruserid.errorforid.launchbrowse(errorforid.java:27)
at forerroruserid.errorforid.launchbrowse(errorforid.java:27)
at forerroruserid.errorforid.launchbrowse(errorforid.java:27)
at forerroruserid.errorforid.launchbrowse(errorforid.java:27)
at forerroruserid.errorforid.launchbrowse(errorforid.java:27)
at forerroruserid.errorforid.launchbrowse(errorforid.java:27)
at forerroruserid.errorforid.launchbrowse(errorforid.java:27)
at forerroruserid.errorforid.launchbrowse(errorforid.java:27)
at forerroruserid.errorforid.launchbrowse(errorforid.java:27)
at forerroruserid.errorforid.launchbrowse(errorforid.java:27)
at forerroruserid.errorforid.launchbrowse(errorforid.java:27)
at forerroruserid.errorforid.launchbrowse(errorforid.java:27)
at forerroruserid.errorforid.launchbrowse(errorforid.java:27)
at forerroruserid.errorforid.launchbrowse(errorforid.java:27)
at forerroruserid.errorforid.launchbrowse(errorforid.java:27)
at forerroruserid.errorforid.launchbrowse(errorforid.java:27)
at forerroruserid.errorforid.launchbrowse(errorforid.java:27)
at forerroruserid.errorforid.launchbrowse(errorforid.java:27)
at forerroruserid.errorforid.launchbrowse(errorforid.java:27)
at forerroruserid.errorforid.launchbrowse(errorforid.java:27)
at forerroruserid.errorforid.launchbrowse(errorforid.java:27)
at forerroruserid.errorforid.launchbrowse(errorforid.java:27)
at forerroruserid.errorforid.launchbrowse(errorforid.java:27)
at forerroruserid.errorforid.launchbrowse(errorforid.java:27)
at forerroruserid.errorforid.launchbrowse(errorforid.java:27)
at forerroruserid.errorforid.launchbrowse(errorforid.java:27)
at forerroruserid.errorforid.launchbrowse(errorforid.java:27)
at forerroruserid.errorforid.launchbrowse(errorforid.java:27)
at forerroruserid.errorforid.launchbrowse(errorforid.java:27)
at forerroruserid.errorforid.launchbrowse(errorforid.java:27)
at forerroruserid.errorforid.launchbrowse(errorforid.java:27)
at forerroruserid.errorforid.launchbrowse(errorforid.java:27)
at forerroruserid.errorforid.launchbrowse(errorforid.java:27)
at forerroruserid.errorforid.launchbrowse(errorforid.java:27)
at forerroruserid.errorforid.launchbrowse(errorforid.java:27)
at forerroruserid.errorforid.launchbrowse(errorforid.java:27)
at forerroruserid.errorforid.launchbrowse(errorforid.java:27)
at forerroruserid.errorforid.launchbrowse(errorforid.java:27)
at forerroruserid.errorforid.launchbrowse(errorforid.java:27)
at forerroruserid.errorforid.launchbrowse(errorforid.java:27)
at forerroruserid.errorforid.launchbrowse(errorforid.java:27)
at forerroruserid.errorforid.launchbrowse(errorforid.java:27)
at forerroruserid.errorforid.launchbrowse(errorforid.java:27)
at forerroruserid.errorforid.launchbrowse(errorforid.java:27)
at forerroruserid.errorforid.launchbrowse(errorforid.java:27)
at forerroruserid.errorforid.launchbrowse(errorforid.java:27)
at forerroruserid.errorforid.launchbrowse(errorforid.java:27)
at forerroruserid.errorforid.launchbrowse(errorforid.java:27)
at forerroruserid.errorforid.launchbrowse(errorforid.java:27)
at forerroruserid.errorforid.launchbrowse(errorforid.java:27)
at forerroruserid.errorforid.launchbrowse(errorforid.java:27)
at forerroruserid.errorforid.launchbrowse(errorforid.java:27)
at forerroruserid.errorforid.launchbrowse(errorforid.java:27)
at forerroruserid.errorforid.launchbrowse(errorforid.java:27)
at forerroruserid.errorforid.launchbrowse(errorforid.java:27)
at forerroruserid.errorforid.launchbrowse(errorforid.java:27)
at forerroruserid.errorforid.launchbrowse(errorforid.java:27)
at forerroruserid.errorforid.launchbrowse(errorforid.java:27)
at forerroruserid.errorforid.launchbrowse(errorforid.java:27)
at forerroruserid.errorforid.launchbrowse(errorforid.java:27)
at forerroruserid.errorforid.launchbrowse(errorforid.java:27)
at forerroruserid.errorforid.launchbrowse(errorforid.java:27)
at forerroruserid.errorforid.launchbrowse(errorforid.java:27)
at forerroruserid.errorforid.launchbrowse(errorforid.java:27)
at forerroruserid.errorforid.launchbrowse(errorforid.java:27)
at forerroruserid.errorforid.launchbrowse(errorforid.java:27)
at forerroruserid.errorforid.launchbrowse(errorforid.java:27)
at forerroruserid.errorforid.launchbrowse(errorforid.java:27)
at forerroruserid.errorforid.launchbrowse(errorforid.java:27)
at forerroruserid.errorforid.launchbrowse(errorforid.java:27)
at forerroruserid.errorforid.launchbrowse(errorforid.java:27)
at forerroruserid.errorforid.launchbrowse(errorforid.java:27)
at forerroruserid.errorforid.launchbrowse(errorforid.java:27)
at forerroruserid.errorforid.launchbrowse(errorforid.java:27)
at forerroruserid.errorforid.launchbrowse(errorforid.java:27)
at forerroruserid.errorforid.launchbrowse(errorforid.java:27)
at forerroruserid.errorforid.launchbrowse(errorforid.java:27)
at forerroruserid.errorforid.launchbrowse(errorforid.java:27)
at forerroruserid.errorforid.launchbrowse(errorforid.java:27)
at forerroruserid.errorforid.launchbrowse(errorforid.java:27)
at forerroruserid.errorforid.launchbrowse(errorforid.java:27)
at forerroruserid.errorforid.launchbrowse(errorforid.java:27)
at forerroruserid.errorforid.launchbrowse(errorforid.java:27)
at forerroruserid.errorforid.launchbrowse(errorforid.java:27)
at forerroruserid.errorforid.launchbrowse(errorforid.java:27)
at forerroruserid.errorforid.launchbrowse(errorforid.java:27)
at forerroruserid.errorforid.launchbrowse(errorforid.java:27)
at forerroruserid.errorforid.launchbrowse(errorforid.java:27)
at forerroruserid.errorforid.launchbrowse(errorforid.java:27)
at forerroruserid.errorforid.launchbrowse(errorforid.java:27)
at forerroruserid.errorforid.launchbrowse(errorforid.java:27)
at forerroruserid.errorforid.launchbrowse(errorforid.java:27)
at forerroruserid.errorforid.launchbrowse(errorforid.java:27)
at forerroruserid.errorforid.launchbrowse(errorforid.java:27)
at forerroruserid.errorforid.launchbrowse(errorforid.java:27)
at forerroruserid.errorforid.launchbrowse(errorforid.java:27)
at forerroruserid.errorforid.launchbrowse(errorforid.java:27)
at forerroruserid.errorforid.launchbrowse(errorforid.java:27)
at forerroruserid.errorforid.launchbrowse(errorforid.java:27)
at forerroruserid.errorforid.launchbrowse(errorforid.java:27)
at forerroruserid.errorforid.launchbrowse(errorforid.java:27)
at forerroruserid.errorforid.launchbrowse(errorforid.java:27)
at forerroruserid.errorforid.launchbrowse(errorforid.java:27)
at forerroruserid.errorforid.launchbrowse(errorforid.java:27)
at forerroruserid.errorforid.launchbrowse(errorforid.java:27)
at forerroruserid.errorforid.launchbrowse(errorforid.java:27)
at forerroruserid.errorforid.launchbrowse(errorforid.java:27)
at forerroruserid.errorforid.launchbrowse(errorforid.java:27)
at forerroruserid.errorforid.launchbrowse(errorforid.java:27)
at forerroruserid.errorforid.launchbrowse(errorforid.java:27)
at forerroruserid.errorforid.launchbrowse(errorforid.java:27)
at forerroruserid.errorforid.launchbrowse(errorforid.java:27)
at forerroruserid.errorforid.launchbrowse(errorforid.java:27)
at forerroruserid.errorforid.launchbrowse(errorforid.java:27)
at forerroruserid.errorforid.launchbrowse(errorforid.java:27)
at forerroruserid.errorforid.launchbrowse(errorforid.java:27)
at forerroruserid.errorforid.launchbrowse(errorforid.java:27)
at forerroruserid.errorforid.launchbrowse(errorforid.java:27)
at forerroruserid.errorforid.launchbrowse(errorforid.java:27)
at forerroruserid.errorforid.launchbrowse(errorforid.java:27)
at forerroruserid.errorforid.launchbrowse(errorforid.java:27)
at forerroruserid.errorforid.launchbrowse(errorforid.java:27)
at forerroruserid.errorforid.launchbrowse(errorforid.java:27)
at forerroruserid.errorforid.launchbrowse(errorforid.java:27)
at forerroruserid.errorforid.launchbrowse(errorforid.java:27)
at forerroruserid.errorforid.launchbrowse(errorforid.java:27)
at forerroruserid.errorforid.launchbrowse(errorforid.java:27)
at forerroruserid.errorforid.launchbrowse(errorforid.java:27)
at forerroruserid.errorforid.launchbrowse(errorforid.java:27)
at forerroruserid.errorforid.launchbrowse(errorforid.java:27)
at forerroruserid.errorforid.launchbrowse(errorforid.java:27)
at forerroruserid.errorforid.launchbrowse(errorforid.java:27)
at forerroruserid.errorforid.launchbrowse(errorforid.java:27)
at forerroruserid.errorforid.launchbrowse(errorforid.java:27)
at forerroruserid.errorforid.launchbrowse(errorforid.java:27)
at forerroruserid.errorforid.launchbrowse(errorforid.java:27)
at forerroruserid.errorforid.launchbrowse(errorforid.java:27)
at forerroruserid.errorforid.launchbrowse(errorforid.java:27)
at forerroruserid.errorforid.launchbrowse(errorforid.java:27)
at forerroruserid.errorforid.launchbrowse(errorforid.java:27)
at forerroruserid.errorforid.launchbrowse(errorforid.java:27)
at forerroruserid.errorforid.launchbrowse(errorforid.java:27)
at forerroruserid.errorforid.launchbrowse(errorforid.java:27)
at forerroruserid.errorforid.launchbrowse(errorforid.java:27)
at forerroruserid.errorforid.launchbrowse(errorforid.java:27)
at forerroruserid.errorforid.launchbrowse(errorforid.java:27)
at forerroruserid.errorforid.launchbrowse(errorforid.java:27)
at forerroruserid.errorforid.launchbrowse(errorforid.java:27)
at forerroruserid.errorforid.launchbrowse(errorforid.java:27)
at forerroruserid.errorforid.launchbrowse(errorforid.java:27)
at forerroruserid.errorforid.launchbrowse(errorforid.java:27)
at forerroruserid.errorforid.launchbrowse(errorforid.java:27)
at forerroruserid.errorforid.launchbrowse(errorforid.java:27)
at forerroruserid.errorforid.launchbrowse(errorforid.java:27)
at forerroruserid.errorforid.launchbrowse(errorforid.java:27)
at forerroruserid.errorforid.launchbrowse(errorforid.java:27)
at forerroruserid.errorforid.launchbrowse(errorforid.java:27)
at forerroruserid.errorforid.launchbrowse(errorforid.java:27)
at forerroruserid.errorforid.launchbrowse(errorforid.java:27)
at forerroruserid.errorforid.launchbrowse(errorforid.java:27)
at forerroruserid.errorforid.launchbrowse(errorforid.java:27)
at forerroruserid.errorforid.launchbrowse(errorforid.java:27)
at forerroruserid.errorforid.launchbrowse(errorforid.java:27)
at forerroruserid.errorforid.launchbrowse(errorforid.java:27)
at forerroruserid.errorforid.launchbrowse(errorforid.java:27)
at forerroruserid.errorforid.launchbrowse(errorforid.java:27)
at forerroruserid.errorforid.launchbrowse(errorforid.java:27)
at forerroruserid.errorforid.launchbrowse(errorforid.java:27)
at forerroruserid.errorforid.launchbrowse(errorforid.java:27)
at forerroruserid.errorforid.launchbrowse(errorforid.java:27)
at forerroruserid.errorforid.launchbrowse(errorforid.java:27)
at forerroruserid.errorforid.launchbrowse(errorforid.java:27)
at forerroruserid.errorforid.launchbrowse(errorforid.java:27)
at forerroruserid.errorforid.launchbrowse(errorforid.java:27)
at forerroruserid.errorforid.launchbrowse(errorforid.java:27)
at forerroruserid.errorforid.launchbrowse(errorforid.java:27)
at forerroruserid.errorforid.launchbrowse(errorforid.java:27)
at forerroruserid.errorforid.launchbrowse(errorforid.java:27)
at forerroruserid.errorforid.launchbrowse(errorforid.java:27)
at forerroruserid.errorforid.launchbrowse(errorforid.java:27)
at forerroruserid.errorforid.launchbrowse(errorforid.java:27)
at forerroruserid.errorforid.launchbrowse(errorforid.java:27)
at forerroruserid.errorforid.launchbrowse(errorforid.java:27)
at forerroruserid.errorforid.launchbrowse(errorforid.java:27)
at forerroruserid.errorforid.launchbrowse(errorforid.java:27)
at forerroruserid.errorforid.launchbrowse(errorforid.java:27)
at forerroruserid.errorforid.launchbrowse(errorforid.java:27)
at forerroruserid.errorforid.launchbrowse(errorforid.java:27)
at forerroruserid.errorforid.launchbrowse(errorforid.java:27)
at forerroruserid.errorforid.launchbrowse(errorforid.java:27)
at forerroruserid.errorforid.launchbrowse(errorforid.java:27)
at forerroruserid.errorforid.launchbrowse(errorforid.java:27)
at forerroruserid.errorforid.launchbrowse(errorforid.java:27)
at forerroruserid.errorforid.launchbrowse(errorforid.java:27)
at forerroruserid.errorforid.launchbrowse(errorforid.java:27)
at forerroruserid.errorforid.launchbrowse(errorforid.java:27)
at forerroruserid.errorforid.launchbrowse(errorforid.java:27)
at forerroruserid.errorforid.launchbrowse(errorforid.java:27)
at forerroruserid.errorforid.launchbrowse(errorforid.java:27)
at forerroruserid.errorforid.launchbrowse(errorforid.java:27)
at forerroruserid.errorforid.launchbrowse(errorforid.java:27)
at forerroruserid.errorforid.launchbrowse(errorforid.java:27)
at forerroruserid.errorforid.launchbrowse(errorforid.java:27)
at forerroruserid.errorforid.launchbrowse(errorforid.java:27)
at forerroruserid.errorforid.launchbrowse(errorforid.java:27)
at forerroruserid.errorforid.launchbrowse(errorforid.java:27)
at forerroruserid.errorforid.launchbrowse(errorforid.java:27)
at forerroruserid.errorforid.launchbrowse(errorforid.java:27)
at forerroruserid.errorforid.launchbrowse(errorforid.java:27)
at forerroruserid.errorforid.launchbrowse(errorforid.java:27)
at forerroruserid.errorforid.launchbrowse(errorforid.java:27)
at forerroruserid.errorforid.launchbrowse(errorforid.java:27)
at forerroruserid.errorforid.launchbrowse(errorforid.java:27)
at forerroruserid.errorforid.launchbrowse(errorforid.java:27)
at forerroruserid.errorforid.launchbrowse(errorforid.java:27)
at forerroruserid.errorforid.launchbrowse(errorforid.java:27)
at forerroruserid.errorforid.launchbrowse(errorforid.java:27)
at forerroruserid.errorforid.launchbrowse(errorforid.java:27)
at forerroruserid.errorforid.launchbrowse(errorforid.java:27)
at forerroruserid.errorforid.launchbrowse(errorforid.java:27)
at forerroruserid.errorforid.launchbrowse(errorforid.java:27)
at forerroruserid.errorforid.launchbrowse(errorforid.java:27)
at forerroruserid.errorforid.launchbrowse(errorforid.java:27)
at forerroruserid.errorforid.launchbrowse(errorforid.java:27)
at forerroruserid.errorforid.launchbrowse(errorforid.java:27)
at forerroruserid.errorforid.launchbrowse(errorforid.java:27)
at forerroruserid.errorforid.launchbrowse(errorforid.java:27)
at forerroruserid.errorforid.launchbrowse(errorforid.java:27)
at forerroruserid.errorforid.launchbrowse(errorforid.java:27)
at forerroruserid.errorforid.launchbrowse(errorforid.java:27)
at forerroruserid.errorforid.launchbrowse(errorforid.java:27)
at forerroruserid.errorforid.launchbrowse(errorforid.java:27)
at forerroruserid.errorforid.launchbrowse(errorforid.java:27)
at forerroruserid.errorforid.launchbrowse(errorforid.java:27)
at forerroruserid.errorforid.launchbrowse(errorforid.java:27)
at forerroruserid.errorforid.launchbrowse(errorforid.java:27)
at forerroruserid.errorforid.launchbrowse(errorforid.java:27)
at forerroruserid.errorforid.launchbrowse(errorforid.java:27)
at forerroruserid.errorforid.launchbrowse(errorforid.java:27)
at forerroruserid.errorforid.launchbrowse(errorforid.java:27)
at forerroruserid.errorforid.launchbrowse(errorforid.java:27)
at forerroruserid.errorforid.launchbrowse(errorforid.java:27)
at forerroruserid.errorforid.launchbrowse(errorforid.java:27)
at forerroruserid.errorforid.launchbrowse(errorforid.java:27)
at forerroruserid.errorforid.launchbrowse(errorforid.java:27)
at forerroruserid.errorforid.launchbrowse(errorforid.java:27)
at forerroruserid.errorforid.launchbrowse(errorforid.java:27)
at forerroruserid.errorforid.launchbrowse(errorforid.java:27)
at forerroruserid.errorforid.launchbrowse(errorforid.java:27)
at forerroruserid.errorforid.launchbrowse(errorforid.java:27)
at forerroruserid.errorforid.launchbrowse(errorforid.java:27)
at forerroruserid.errorforid.launchbrowse(errorforid.java:27)
at forerroruserid.errorforid.launchbrowse(errorforid.java:27)
at forerroruserid.errorforid.launchbrowse(errorforid.java:27)
at forerroruserid.errorforid.launchbrowse(errorforid.java:27)
at forerroruserid.errorforid.launchbrowse(errorforid.java:27)
at forerroruserid.errorforid.launchbrowse(errorforid.java:27)
at forerroruserid.errorforid.launchbrowse(errorforid.java:27)
at forerroruserid.errorforid.launchbrowse(errorforid.java:27)
at forerroruserid.errorforid.launchbrowse(errorforid.java:27)
at forerroruserid.errorforid.launchbrowse(errorforid.java:27)
at forerroruserid.errorforid.launchbrowse(errorforid.java:27)
at forerroruserid.errorforid.launchbrowse(errorforid.java:27)
at forerroruserid.errorforid.launchbrowse(errorforid.java:27)
at forerroruserid.errorforid.launchbrowse(errorforid.java:27)
at forerroruserid.errorforid.launchbrowse(errorforid.java:27)
at forerroruserid.errorforid.launchbrowse(errorforid.java:27)
at forerroruserid.errorforid.launchbrowse(errorforid.java:27)
at forerroruserid.errorforid.launchbrowse(errorforid.java:27)
at forerroruserid.errorforid.launchbrowse(errorforid.java:27)
at forerroruserid.errorforid.launchbrowse(errorforid.java:27)
at forerroruserid.errorforid.launchbrowse(errorforid.java:27)
at forerroruserid.errorforid.launchbrowse(errorforid.java:27)
at forerroruserid.errorforid.launchbrowse(errorforid.java:27)
at forerroruserid.errorforid.launchbrowse(errorforid.java:27)
at forerroruserid.errorforid.launchbrowse(errorforid.java:27)
at forerroruserid.errorforid.launchbrowse(errorforid.java:27)
at forerroruserid.errorforid.launchbrowse(errorforid.java:27)
at forerroruserid.errorforid.launchbrowse(errorforid.java:27)
at forerroruserid.errorforid.launchbrowse(errorforid.java:27)
at forerroruserid.errorforid.launchbrowse(errorforid.java:27)
at forerroruserid.errorforid.launchbrowse(errorforid.java:27)
at forerroruserid.errorforid.launchbrowse(errorforid.java:27)
at forerroruserid.errorforid.launchbrowse(errorforid.java:27)
at forerroruserid.errorforid.launchbrowse(errorforid.java:27)
at forerroruserid.errorforid.launchbrowse(errorforid.java:27)
at forerroruserid.errorforid.launchbrowse(errorforid.java:27)
at forerroruserid.errorforid.launchbrowse(errorforid.java:27)
at forerroruserid.errorforid.launchbrowse(errorforid.java:27)
at forerroruserid.errorforid.launchbrowse(errorforid.java:27)
at forerroruserid.errorforid.launchbrowse(errorforid.java:27)
at forerroruserid.errorforid.launchbrowse(errorforid.java:27)
at forerroruserid.errorforid.launchbrowse(errorforid.java:27)
at forerroruserid.errorforid.launchbrowse(errorforid.java:27)
at forerroruserid.errorforid.launchbrowse(errorforid.java:27)
at forerroruserid.errorforid.launchbrowse(errorforid.java:27)
at forerroruserid.errorforid.launchbrowse(errorforid.java:27)
at forerroruserid.errorforid.launchbrowse(errorforid.java:27)
at forerroruserid.errorforid.launchbrowse(errorforid.java:27)
at forerroruserid.errorforid.launchbrowse(errorforid.java:27)
at forerroruserid.errorforid.launchbrowse(errorforid.java:27)
at forerroruserid.errorforid.launchbrowse(errorforid.java:27)
at forerroruserid.errorforid.launchbrowse(errorforid.java:27)
at forerroruserid.errorforid.launchbrowse(errorforid.java:27)
at forerroruserid.errorforid.launchbrowse(errorforid.java:27)
at forerroruserid.errorforid.launchbrowse(errorforid.java:27)
at forerroruserid.errorforid.launchbrowse(errorforid.java:27)
at forerroruserid.errorforid.launchbrowse(errorforid.java:27)
at forerroruserid.errorforid.launchbrowse(errorforid.java:27)
at forerroruserid.errorforid.launchbrowse(errorforid.java:27)
at forerroruserid.errorforid.launchbrowse(errorforid.java:27)
at forerroruserid.errorforid.launchbrowse(errorforid.java:27)
at forerroruserid.errorforid.launchbrowse(errorforid.java:27)
at forerroruserid.errorforid.launchbrowse(errorforid.java:27)
at forerroruserid.errorforid.launchbrowse(errorforid.java:27)
at forerroruserid.errorforid.launchbrowse(errorforid.java:27)
at forerroruserid.errorforid.launchbrowse(errorforid.java:27)
at forerroruserid.errorforid.launchbrowse(errorforid.java:27)
at forerroruserid.errorforid.launchbrowse(errorforid.java:27)
at forerroruserid.errorforid.launchbrowse(errorforid.java:27)
at forerroruserid.errorforid.launchbrowse(errorforid.java:27)
at forerroruserid.errorforid.launchbrowse(errorforid.java:27)
at forerroruserid.errorforid.launchbrowse(errorforid.java:27)
at forerroruserid.errorforid.launchbrowse(errorforid.java:27)
at forerroruserid.errorforid.launchbrowse(errorforid.java:27)
at forerroruserid.errorforid.launchbrowse(errorforid.java:27)
at forerroruserid.errorforid.launchbrowse(errorforid.java:27)
at forerroruserid.errorforid.launchbrowse(errorforid.java:27)
at forerroruserid.errorforid.launchbrowse(errorforid.java:27)
at forerroruserid.errorforid.launchbrowse(errorforid.java:27)
at forerroruserid.errorforid.launchbrowse(errorforid.java:27)
at forerroruserid.errorforid.launchbrowse(errorforid.java:27)
at forerroruserid.errorforid.launchbrowse(errorforid.java:27)
at forerroruserid.errorforid.launchbrowse(errorforid.java:27)
at forerroruserid.errorforid.launchbrowse(errorforid.java:27)
at forerroruserid.errorforid.launchbrowse(errorforid.java:27)
at forerroruserid.errorforid.launchbrowse(errorforid.java:27)
at forerroruserid.errorforid.launchbrowse(errorforid.java:27)
at forerroruserid.errorforid.launchbrowse(errorforid.java:27)
at forerroruserid.errorforid.launchbrowse(errorforid.java:27)
at forerroruserid.errorforid.launchbrowse(errorforid.java:27)
at forerroruserid.errorforid.launchbrowse(errorforid.java:27)
at forerroruserid.errorforid.launchbrowse(errorforid.java:27)
at forerroruserid.errorforid.launchbrowse(errorforid.java:27)
at forerroruserid.errorforid.launchbrowse(errorforid.java:27)
at forerroruserid.errorforid.launchbrowse(errorforid.java:27)
at forerroruserid.errorforid.launchbrowse(errorforid.java:27)
at forerroruserid.errorforid.launchbrowse(errorforid.java:27)
at forerroruserid.errorforid.launchbrowse(errorforid.java:27)
at forerroruserid.errorforid.launchbrowse(errorforid.java:27)
at forerroruserid.errorforid.launchbrowse(errorforid.java:27)
at forerroruserid.errorforid.launchbrowse(errorforid.java:27)
at forerroruserid.errorforid.launchbrowse(errorforid.java:27)
at forerroruserid.errorforid.launchbrowse(errorforid.java:27)
at forerroruserid.errorforid.launchbrowse(errorforid.java:27)
at forerroruserid.errorforid.launchbrowse(errorforid.java:27)
at forerroruserid.errorforid.launchbrowse(errorforid.java:27)
at forerroruserid.errorforid.launchbrowse(errorforid.java:27)
at forerroruserid.errorforid.launchbrowse(errorforid.java:27)
at forerroruserid.errorforid.launchbrowse(errorforid.java:27)
at forerroruserid.errorforid.launchbrowse(errorforid.java:27)
at forerroruserid.errorforid.launchbrowse(errorforid.java:27)
at forerroruserid.errorforid.launchbrowse(errorforid.java:27)
at forerroruserid.errorforid.launchbrowse(errorforid.java:27)
at forerroruserid.errorforid.launchbrowse(errorforid.java:27)
at forerroruserid.errorforid.launchbrowse(errorforid.java:27)
at forerroruserid.errorforid.launchbrowse(errorforid.java:27)
at forerroruserid.errorforid.launchbrowse(errorforid.java:27)
at forerroruserid.errorforid.launchbrowse(errorforid.java:27)
at forerroruserid.errorforid.launchbrowse(errorforid.java:27)
at forerroruserid.errorforid.launchbrowse(errorforid.java:27)
at forerroruserid.errorforid.launchbrowse(errorforid.java:27)
at forerroruserid.errorforid.launchbrowse(errorforid.java:27)
at forerroruserid.errorforid.launchbrowse(errorforid.java:27)
at forerroruserid.errorforid.launchbrowse(errorforid.java:27)
at forerroruserid.errorforid.launchbrowse(errorforid.java:27)
at forerroruserid.errorforid.launchbrowse(errorforid.java:27)
at forerroruserid.errorforid.launchbrowse(errorforid.java:27)
at forerroruserid.errorforid.launchbrowse(errorforid.java:27)
at forerroruserid.errorforid.launchbrowse(errorforid.java:27)
at forerroruserid.errorforid.launchbrowse(errorforid.java:27)
at forerroruserid.errorforid.launchbrowse(errorforid.java:27)
at forerroruserid.errorforid.launchbrowse(errorforid.java:27)
at forerroruserid.errorforid.launchbrowse(errorforid.java:27)
at forerroruserid.errorforid.launchbrowse(errorforid.java:27)
at forerroruserid.errorforid.launchbrowse(errorforid.java:27)
at forerroruserid.errorforid.launchbrowse(errorforid.java:27)
at forerroruserid.errorforid.launchbrowse(errorforid.java:27)
at forerroruserid.errorforid.launchbrowse(errorforid.java:27)
at forerroruserid.errorforid.launchbrowse(errorforid.java:27)
at forerroruserid.errorforid.launchbrowse(errorforid.java:27)
at forerroruserid.errorforid.launchbrowse(errorforid.java:27)
at forerroruserid.errorforid.launchbrowse(errorforid.java:27)
at forerroruserid.errorforid.launchbrowse(errorforid.java:27)
at forerroruserid.errorforid.launchbrowse(errorforid.java:27)
at forerroruserid.errorforid.launchbrowse(errorforid.java:27)
at forerroruserid.errorforid.launchbrowse(errorforid.java:27)
at forerroruserid.errorforid.launchbrowse(errorforid.java:27)
at forerroruserid.errorforid.launchbrowse(errorforid.java:27)
at forerroruserid.errorforid.launchbrowse(errorforid.java:27)
at forerroruserid.errorforid.launchbrowse(errorforid.java:27)
at forerroruserid.errorforid.launchbrowse(errorforid.java:27)
at forerroruserid.errorforid.launchbrowse(errorforid.java:27)
at forerroruserid.errorforid.launchbrowse(errorforid.java:27)
at forerroruserid.errorforid.launchbrowse(errorforid.java:27)
at forerroruserid.errorforid.launchbrowse(errorforid.java:27)
at forerroruserid.errorforid.launchbrowse(errorforid.java:27)
at forerroruserid.errorforid.launchbrowse(errorforid.java:27)
at forerroruserid.errorforid.launchbrowse(errorforid.java:27)
at forerroruserid.errorforid.launchbrowse(errorforid.java:27)
at forerroruserid.errorforid.launchbrowse(errorforid.java:27)
at forerroruserid.errorforid.launchbrowse(errorforid.java:27)
at forerroruserid.errorforid.launchbrowse(errorforid.java:27)
at forerroruserid.errorforid.launchbrowse(errorforid.java:27)
at forerroruserid.errorforid.launchbrowse(errorforid.java:27)
at forerroruserid.errorforid.launchbrowse(errorforid.java:27)
at forerroruserid.errorforid.launchbrowse(errorforid.java:27)
at forerroruserid.errorforid.launchbrowse(errorforid.java:27)
at forerroruserid.errorforid.launchbrowse(errorforid.java:27)
at forerroruserid.errorforid.launchbrowse(errorforid.java:27)
at forerroruserid.errorforid.launchbrowse(errorforid.java:27)
at forerroruserid.errorforid.launchbrowse(errorforid.java:27)
at forerroruserid.errorforid.launchbrowse(errorforid.java:27)
at forerroruserid.errorforid.launchbrowse(errorforid.java:27)
at forerroruserid.errorforid.launchbrowse(errorforid.java:27)
at forerroruserid.errorforid.launchbrowse(errorforid.java:27)
at forerroruserid.errorforid.launchbrowse(errorforid.java:27)
at forerroruserid.errorforid.launchbrowse(errorforid.java:27)
at forerroruserid.errorforid.launchbrowse(errorforid.java:27)
at forerroruserid.errorforid.launchbrowse(errorforid.java:27)
at forerroruserid.errorforid.launchbrowse(errorforid.java:27)
at forerroruserid.errorforid.launchbrowse(errorforid.java:27)
at forerroruserid.errorforid.launchbrowse(errorforid.java:27)
at forerroruserid.errorforid.launchbrowse(errorforid.java:27)
at forerroruserid.errorforid.launchbrowse(errorforid.java:27)
at forerroruserid.errorforid.launchbrowse(errorforid.java:27)
at forerroruserid.errorforid.launchbrowse(errorforid.java:27)
at forerroruserid.errorforid.launchbrowse(errorforid.java:27)
at forerroruserid.errorforid.launchbrowse(errorforid.java:27)
at forerroruserid.errorforid.launchbrowse(errorforid.java:27)
at forerroruserid.errorforid.launchbrowse(errorforid.java:27)
at forerroruserid.errorforid.launchbrowse(errorforid.java:27)
at forerroruserid.errorforid.launchbrowse(errorforid.java:27)
at forerroruserid.errorforid.launchbrowse(errorforid.java:27)
at forerroruserid.errorforid.launchbrowse(errorforid.java:27)
at forerroruserid.errorforid.launchbrowse(errorforid.java:27)
at forerroruserid.errorforid.launchbrowse(errorforid.java:27)
at forerroruserid.errorforid.launchbrowse(errorforid.java:27)
at forerroruserid.errorforid.launchbrowse(errorforid.java:27)
at forerroruserid.errorforid.launchbrowse(errorforid.java:27)
at forerroruserid.errorforid.launchbrowse(errorforid.java:27)
at forerroruserid.errorforid.launchbrowse(errorforid.java:27)
at forerroruserid.errorforid.launchbrowse(errorforid.java:27)
at forerroruserid.errorforid.launchbrowse(errorforid.java:27)
at forerroruserid.errorforid.launchbrowse(errorforid.java:27)
at forerroruserid.errorforid.launchbrowse(errorforid.java:27)
at forerroruserid.errorforid.launchbrowse(errorforid.java:27)
at forerroruserid.errorforid.launchbrowse(errorforid.java:27)
at forerroruserid.errorforid.launchbrowse(errorforid.java:27)
at forerroruserid.errorforid.launchbrowse(errorforid.java:27)
at forerroruserid.errorforid.launchbrowse(errorforid.java:27)
at forerroruserid.errorforid.launchbrowse(errorforid.java:27)
at forerroruserid.errorforid.launchbrowse(errorforid.java:27)
at forerroruserid.errorforid.launchbrowse(errorforid.java:27)
at forerroruserid.errorforid.launchbrowse(errorforid.java:27)
at forerroruserid.errorforid.launchbrowse(errorforid.java:27)
at forerroruserid.errorforid.launchbrowse(errorforid.java:27)
at forerroruserid.errorforid.launchbrowse(errorforid.java:27)
at forerroruserid.errorforid.launchbrowse(errorforid.java:27)
at forerroruserid.errorforid.launchbrowse(errorforid.java:27)
at forerroruserid.errorforid.launchbrowse(errorforid.java:27)
at forerroruserid.errorforid.launchbrowse(errorforid.java:27)
at forerroruserid.errorforid.launchbrowse(errorforid.java:27)
at forerroruserid.errorforid.launchbrowse(errorforid.java:27)
at forerroruserid.errorforid.launchbrowse(errorforid.java:27)
at forerroruserid.errorforid.launchbrowse(errorforid.java:27)
at forerroruserid.errorforid.launchbrowse(errorforid.java:27)
at forerroruserid.errorforid.launchbrowse(errorforid.java:27)
at forerroruserid.errorforid.launchbrowse(errorforid.java:27)
at forerroruserid.errorforid.launchbrowse(errorforid.java:27)
at forerroruserid.errorforid.launchbrowse(errorforid.java:27)
at forerroruserid.errorforid.launchbrowse(errorforid.java:27)
at forerroruserid.errorforid.launchbrowse(errorforid.java:27)
at forerroruserid.errorforid.launchbrowse(errorforid.java:27)
at forerroruserid.errorforid.launchbrowse(errorforid.java:27)
at forerroruserid.errorforid.launchbrowse(errorforid.java:27)
at forerroruserid.errorforid.launchbrowse(errorforid.java:27)
at forerroruserid.errorforid.launchbrowse(errorforid.java:27)
at forerroruserid.errorforid.launchbrowse(errorforid.java:27)
at forerroruserid.errorforid.launchbrowse(errorforid.java:27)
at forerroruserid.errorforid.launchbrowse(errorforid.java:27)
at forerroruserid.errorforid.launchbrowse(errorforid.java:27)
at forerroruserid.errorforid.launchbrowse(errorforid.java:27)
at forerroruserid.errorforid.launchbrowse(errorforid.java:27)
at forerroruserid.errorforid.launchbrowse(errorforid.java:27)
at forerroruserid.errorforid.launchbrowse(errorforid.java:27)
at forerroruserid.errorforid.launchbrowse(errorforid.java:27)
at forerroruserid.errorforid.launchbrowse(errorforid.java:27)
at forerroruserid.errorforid.launchbrowse(errorforid.java:27)
at forerroruserid.errorforid.launchbrowse(errorforid.java:27)
at forerroruserid.errorforid.launchbrowse(errorforid.java:27)
at forerroruserid.errorforid.launchbrowse(errorforid.java:27)
at forerroruserid.errorforid.launchbrowse(errorforid.java:27)
at forerroruserid.errorforid.launchbrowse(errorforid.java:27)
at forerroruserid.errorforid.launchbrowse(errorforid.java:27)
at forerroruserid.errorforid.launchbrowse(errorforid.java:27)
at forerroruserid.errorforid.launchbrowse(errorforid.java:27)
at forerroruserid.errorforid.launchbrowse(errorforid.java:27)
at forerroruserid.errorforid.launchbrowse(errorforid.java:27)
at forerroruserid.errorforid.launchbrowse(errorforid.java:27)
at forerroruserid.errorforid.launchbrowse(errorforid.java:27)
at forerroruserid.errorforid.launchbrowse(errorforid.java:27)
at forerroruserid.errorforid.launchbrowse(errorforid.java:27)
at forerroruserid.errorforid.launchbrowse(errorforid.java:27)
at forerroruserid.errorforid.launchbrowse(errorforid.java:27)
at forerroruserid.errorforid.launchbrowse(errorforid.java:27)
at forerroruserid.errorforid.launchbrowse(errorforid.java:27)
at forerroruserid.errorforid.launchbrowse(errorforid.java:27)
at forerroruserid.errorforid.launchbrowse(errorforid.java:27)
at forerroruserid.errorforid.launchbrowse(errorforid.java:27)
at forerroruserid.errorforid.launchbrowse(errorforid.java:27)
at forerroruserid.errorforid.launchbrowse(errorforid.java:27)
at forerroruserid.errorforid.launchbrowse(errorforid.java:27)
at forerroruserid.errorforid.launchbrowse(errorforid.java:27)
at forerroruserid.errorforid.launchbrowse(errorforid.java:27)
at forerroruserid.errorforid.launchbrowse(errorforid.java:27)
at forerroruserid.errorforid.launchbrowse(errorforid.java:27)
at forerroruserid.errorforid.launchbrowse(errorforid.java:27)
at forerroruserid.errorforid.launchbrowse(errorforid.java:27)
at forerroruserid.errorforid.launchbrowse(errorforid.java:27)
at forerroruserid.errorforid.launchbrowse(errorforid.java:27)
at forerroruserid.errorforid.launchbrowse(errorforid.java:27)
at forerroruserid.errorforid.launchbrowse(errorforid.java:27)
at forerroruserid.errorforid.launchbrowse(errorforid.java:27)
at forerroruserid.errorforid.launchbrowse(errorforid.java:27)
at forerroruserid.errorforid.launchbrowse(errorforid.java:27)
at forerroruserid.errorforid.launchbrowse(errorforid.java:27)
at forerroruserid.errorforid.launchbrowse(errorforid.java:27)
at forerroruserid.errorforid.launchbrowse(errorforid.java:27)
at forerroruserid.errorforid.launchbrowse(errorforid.java:27)
at forerroruserid.errorforid.launchbrowse(errorforid.java:27)
at forerroruserid.errorforid.launchbrowse(errorforid.java:27)
at forerroruserid.errorforid.launchbrowse(errorforid.java:27)
at forerroruserid.errorforid.launchbrowse(errorforid.java:27)
at forerroruserid.errorforid.launchbrowse(errorforid.java:27)
at forerroruserid.errorforid.launchbrowse(errorforid.java:27)
at forerroruserid.errorforid.launchbrowse(errorforid.java:27)
at forerroruserid.errorforid.launchbrowse(errorforid.java:27)
at forerroruserid.errorforid.launchbrowse(errorforid.java:27)
at forerroruserid.errorforid.launchbrowse(errorforid.java:27)
at forerroruserid.errorforid.launchbrowse(errorforid.java:27)
at forerroruserid.errorforid.launchbrowse(errorforid.java:27)
at forerroruserid.errorforid.launchbrowse(errorforid.java:27)
at forerroruserid.errorforid.launchbrowse(errorforid.java:27)
at forerroruserid.errorforid.launchbrowse(errorforid.java:27)
at forerroruserid.errorforid.launchbrowse(errorforid.java:27)
at forerroruserid.errorforid.launchbrowse(errorforid.java:27)
at forerroruserid.errorforid.launchbrowse(errorforid.java:27)
at forerroruserid.errorforid.launchbrowse(errorforid.java:27)
at forerroruserid.errorforid.launchbrowse(errorforid.java:27)
at forerroruserid.errorforid.launchbrowse(errorforid.java:27)
at forerroruserid.errorforid.launchbrowse(errorforid.java:27)
at forerroruserid.errorforid.launchbrowse(errorforid.java:27)
at forerroruserid.errorforid.launchbrowse(errorforid.java:27)
at forerroruserid.errorforid.launchbrowse(errorforid.java:27)
at forerroruserid.errorforid.launchbrowse(errorforid.java:27)
at forerroruserid.errorforid.launchbrowse(errorforid.java:27)
at forerroruserid.errorforid.launchbrowse(errorforid.java:27)
at forerroruserid.errorforid.launchbrowse(errorforid.java:27)
at forerroruserid.errorforid.launchbrowse(errorforid.java:27)
at forerroruserid.errorforid.launchbrowse(errorforid.java:27)
at forerroruserid.errorforid.launchbrowse(errorforid.java:27)
at forerroruserid.errorforid.launchbrowse(errorforid.java:27)
at forerroruserid.errorforid.launchbrowse(errorforid.java:27)
at forerroruserid.errorforid.launchbrowse(errorforid.java:27)
at forerroruserid.errorforid.launchbrowse(errorforid.java:27)
at forerroruserid.errorforid.launchbrowse(errorforid.java:27)
at forerroruserid.errorforid.launchbrowse(errorforid.java:27)
at forerroruserid.errorforid.launchbrowse(errorforid.java:27)
at forerroruserid.errorforid.launchbrowse(errorforid.java:27)
at forerroruserid.errorforid.launchbrowse(errorforid.java:27)
at forerroruserid.errorforid.launchbrowse(errorforid.java:27)
at forerroruserid.errorforid.launchbrowse(errorforid.java:27)
at forerroruserid.errorforid.launchbrowse(errorforid.java:27)
at forerroruserid.errorforid.launchbrowse(errorforid.java:27)
at forerroruserid.errorforid.launchbrowse(errorforid.java:27)
at forerroruserid.errorforid.launchbrowse(errorforid.java:27)
at forerroruserid.errorforid.launchbrowse(errorforid.java:27)
at forerroruserid.errorforid.launchbrowse(errorforid.java:27)
at forerroruserid.errorforid.launchbrowse(errorforid.java:27)
at forerroruserid.errorforid.launchbrowse(errorforid.java:27)
at forerroruserid.errorforid.launchbrowse(errorforid.java:27)
at forerroruserid.errorforid.launchbrowse(errorforid.java:27)
at forerroruserid.errorforid.launchbrowse(errorforid.java:27)
at forerroruserid.errorforid.launchbrowse(errorforid.java:27)
at forerroruserid.errorforid.launchbrowse(errorforid.java:27)
at forerroruserid.errorforid.launchbrowse(errorforid.java:27)
at forerroruserid.errorforid.launchbrowse(errorforid.java:27)
at forerroruserid.errorforid.launchbrowse(errorforid.java:27)
at forerroruserid.errorforid.launchbrowse(errorforid.java:27)
at forerroruserid.errorforid.launchbrowse(errorforid.java:27)
at forerroruserid.errorforid.launchbrowse(errorforid.java:27)
at forerroruserid.errorforid.launchbrowse(errorforid.java:27)
at forerroruserid.errorforid.launchbrowse(errorforid.java:27)
at forerroruserid.errorforid.launchbrowse(errorforid.java:27)
at forerroruserid.errorforid.launchbrowse(errorforid.java:27)
at forerroruserid.errorforid.launchbrowse(errorforid.java:27)
at forerroruserid.errorforid.launchbrowse(errorforid.java:27)
at forerroruserid.errorforid.launchbrowse(errorforid.java:27)
at forerroruserid.errorforid.launchbrowse(errorforid.java:27)
at forerroruserid.errorforid.launchbrowse(errorforid.java:27)
at forerroruserid.errorforid.launchbrowse(errorforid.java:27)
at forerroruserid.errorforid.launchbrowse(errorforid.java:27)
at forerroruserid.errorforid.launchbrowse(errorforid.java:27)
at forerroruserid.errorforid.launchbrowse(errorforid.java:27)
at forerroruserid.errorforid.launchbrowse(errorforid.java:27)
at forerroruserid.errorforid.launchbrowse(errorforid.java:27)
at forerroruserid.errorforid.launchbrowse(errorforid.java:27)
at forerroruserid.errorforid.launchbrowse(errorforid.java:27)
at forerroruserid.errorforid.launchbrowse(errorforid.java:27)
at forerroruserid.errorforid.launchbrowse(errorforid.java:27)
at forerroruserid.errorforid.launchbrowse(errorforid.java:27)
at forerroruserid.errorforid.launchbrowse(errorforid.java:27)
at forerroruserid.errorforid.launchbrowse(errorforid.java:27)
at forerroruserid.errorforid.launchbrowse(errorforid.java:27)
at forerroruserid.errorforid.launchbrowse(errorforid.java:27)
at forerroruserid.errorforid.launchbrowse(errorforid.java:27)
at forerroruserid.errorforid.launchbrowse(errorforid.java:27)
at forerroruserid.errorforid.launchbrowse(errorforid.java:27)
at forerroruserid.errorforid.launchbrowse(errorforid.java:27)
at forerroruserid.errorforid.launchbrowse(errorforid.java:27)
at forerroruserid.errorforid.launchbrowse(errorforid.java:27)
at forerroruserid.errorforid.launchbrowse(errorforid.java:27)
at forerroruserid.errorforid.launchbrowse(errorforid.java:27)
at forerroruserid.errorforid.launchbrowse(errorforid.java:27)
at forerroruserid.errorforid.launchbrowse(errorforid.java:27)
at forerroruserid.errorforid.launchbrowse(errorforid.java:27)
at forerroruserid.errorforid.launchbrowse(errorforid.java:27)
at forerroruserid.errorforid.launchbrowse(errorforid.java:27)
at forerroruserid.errorforid.launchbrowse(errorforid.java:27)
at forerroruserid.errorforid.launchbrowse(errorforid.java:27)
at forerroruserid.errorforid.launchbrowse(errorforid.java:27)
at forerroruserid.errorforid.launchbrowse(errorforid.java:27)
at forerroruserid.errorforid.launchbrowse(errorforid.java:27)
at forerroruserid.errorforid.launchbrowse(errorforid.java:27)
at forerroruserid.errorforid.launchbrowse(errorforid.java:27)
at forerroruserid.errorforid.launchbrowse(errorforid.java:27)
at forerroruserid.errorforid.launchbrowse(errorforid.java:27)
at forerroruserid.errorforid.launchbrowse(errorforid.java:27)
at forerroruserid.errorforid.launchbrowse(errorforid.java:27)
at forerroruserid.errorforid.launchbrowse(errorforid.java:27)
at forerroruserid.errorforid.launchbrowse(errorforid.java:27)
at forerroruserid.errorforid.launchbrowse(errorforid.java:27)
at forerroruserid.errorforid.launchbrowse(errorforid.java:27)
at forerroruserid.errorforid.launchbrowse(errorforid.java:27)
at forerroruserid.errorforid.launchbrowse(errorforid.java:27)
at forerroruserid.errorforid.launchbrowse(errorforid.java:27)
at forerroruserid.errorforid.launchbrowse(errorforid.java:27)
at forerroruserid.errorforid.launchbrowse(errorforid.java:27)
at forerroruserid.errorforid.launchbrowse(errorforid.java:27)
at forerroruserid.errorforid.launchbrowse(errorforid.java:27)
at forerroruserid.errorforid.launchbrowse(errorforid.java:27)
at forerroruserid.errorforid.launchbrowse(errorforid.java:27)
at forerroruserid.errorforid.launchbrowse(errorforid.java:27)
at forerroruserid.errorforid.launchbrowse(errorforid.java:27)
at forerroruserid.errorforid.launchbrowse(errorforid.java:27)
at forerroruserid.errorforid.launchbrowse(errorforid.java:27)
at forerroruserid.errorforid.launchbrowse(errorforid.java:27)
at forerroruserid.errorforid.launchbrowse(errorforid.java:27)
at forerroruserid.errorforid.launchbrowse(errorforid.java:27)
at forerroruserid.errorforid.launchbrowse(errorforid.java:27)
at forerroruserid.errorforid.launchbrowse(errorforid.java:27)
at forerroruserid.errorforid.launchbrowse(errorforid.java:27)
at forerroruserid.errorforid.launchbrowse(errorforid.java:27)
at forerroruserid.errorforid.launchbrowse(errorforid.java:27)
at forerroruserid.errorforid.launchbrowse(errorforid.java:27)
at forerroruserid.errorforid.launchbrowse(errorforid.java:27)
at forerroruserid.errorforid.launchbrowse(errorforid.java:27)
at forerroruserid.errorforid.launchbrowse(errorforid.java:27)
at forerroruserid.errorforid.launchbrowse(errorforid.java:27)
at forerroruserid.errorforid.launchbrowse(errorforid.java:27)
at forerroruserid.errorforid.launchbrowse(errorforid.java:27)
at forerroruserid.errorforid.launchbrowse(errorforid.java:27)
at forerroruserid.errorforid.launchbrowse(errorforid.java:27)
at forerroruserid.errorforid.launchbrowse(errorforid.java:27)
at forerroruserid.errorforid.launchbrowse(errorforid.java:27)
at forerroruserid.errorforid.launchbrowse(errorforid.java:27)
at forerroruserid.errorforid.launchbrowse(errorforid.java:27)
at forerroruserid.errorforid.launchbrowse(errorforid.java:27)
at forerroruserid.errorforid.launchbrowse(errorforid.java:27)
at forerroruserid.errorforid.launchbrowse(errorforid.java:27)
at forerroruserid.errorforid.launchbrowse(errorforid.java:27)
at forerroruserid.errorforid.launchbrowse(errorforid.java:27)
at forerroruserid.errorforid.launchbrowse(errorforid.java:27)
at forerroruserid.errorforid.launchbrowse(errorforid.java:27)
at forerroruserid.errorforid.launchbrowse(errorforid.java:27)
at forerroruserid.errorforid.launchbrowse(errorforid.java:27)
at forerroruserid.errorforid.launchbrowse(errorforid.java:27)
at forerroruserid.errorforid.launchbrowse(errorforid.java:27)
at forerroruserid.errorforid.launchbrowse(errorforid.java:27)
at forerroruserid.errorforid.launchbrowse(errorforid.java:27)
at forerroruserid.errorforid.launchbrowse(errorforid.java:27)
at forerroruserid.errorforid.launchbrowse(errorforid.java:27)
at forerroruserid.errorforid.launchbrowse(errorforid.java:27)
at forerroruserid.errorforid.launchbrowse(errorforid.java:27)
at forerroruserid.errorforid.launchbrowse(errorforid.java:27)
at forerroruserid.errorforid.launchbrowse(errorforid.java:27)
at forerroruserid.errorforid.launchbrowse(errorforid.java:27)
at forerroruserid.errorforid.launchbrowse(errorforid.java:27)
at forerroruserid.errorforid.launchbrowse(errorforid.java:27)
at forerroruserid.errorforid.launchbrowse(errorforid.java:27)
at forerroruserid.errorforid.launchbrowse(errorforid.java:27)
at forerroruserid.errorforid.launchbrowse(errorforid.java:27)
at forerroruserid.errorforid.launchbrowse(errorforid.java:27)
at forerroruserid.errorforid.launchbrowse(errorforid.java:27)
at forerroruserid.errorforid.launchbrowse(errorforid.java:27)
at forerroruserid.errorforid.launchbrowse(errorforid.java:27)
at forerroruserid.errorforid.launchbrowse(errorforid.java:27)
at forerroruserid.errorforid.launchbrowse(errorforid.java:27)
at forerroruserid.errorforid.launchbrowse(errorforid.java:27)
at forerroruserid.errorforid.launchbrowse(errorforid.java:27)
at forerroruserid.errorforid.launchbrowse(errorforid.java:27)
at forerroruserid.errorforid.launchbrowse(errorforid.java:27)
at forerroruserid.errorforid.launchbrowse(errorforid.java:27)
at forerroruserid.errorforid.launchbrowse(errorforid.java:27)
at forerroruserid.errorforid.launchbrowse(errorforid.java:27)
at forerroruserid.errorforid.launchbrowse(errorforid.java:27)
at forerroruserid.errorforid.launchbrowse(errorforid.java:27)
at forerroruserid.errorforid.launchbrowse(errorforid.java:27)
at forerroruserid.errorforid.launchbrowse(errorforid.java:27)
at forerroruserid.errorforid.launchbrowse(errorforid.java:27)
at forerroruserid.errorforid.launchbrowse(errorforid.java:27)
at forerroruserid.errorforid.launchbrowse(errorforid.java:27)
at forerroruserid.errorforid.launchbrowse(errorforid.java:27)
at forerroruserid.errorforid.launchbrowse(errorforid.java:27)
at forerroruserid.errorforid.launchbrowse(errorforid.java:27)
at forerroruserid.errorforid.launchbrowse(errorforid.java:27)
at forerroruserid.errorforid.launchbrowse(errorforid.java:27)
at forerroruserid.errorforid.launchbrowse(errorforid.java:27)
at forerroruserid.errorforid.launchbrowse(errorforid.java:27)
at forerroruserid.errorforid.launchbrowse(errorforid.java:27)
at forerroruserid.errorforid.launchbrowse(errorforid.java:27)
at forerroruserid.errorforid.launchbrowse(errorforid.java:27)
at forerroruserid.errorforid.launchbrowse(errorforid.java:27)
at forerroruserid.errorforid.launchbrowse(errorforid.java:27)
at forerroruserid.errorforid.launchbrowse(errorforid.java:27)
at forerroruserid.errorforid.launchbrowse(errorforid.java:27)
at forerroruserid.errorforid.launchbrowse(errorforid.java:27)
at forerroruserid.errorforid.launchbrowse(errorforid.java:27)
at forerroruserid.errorforid.launchbrowse(errorforid.java:27)
at forerroruserid.errorforid.launchbrowse(errorforid.java:27)
at forerroruserid.errorforid.launchbrowse(errorforid.java:27)
at forerroruserid.errorforid.launchbrowse(errorforid.java:27)
at forerroruserid.errorforid.launchbrowse(errorforid.java:27)
at forerroruserid.errorforid.launchbrowse(errorforid.java:27)
at forerroruserid.errorforid.launchbrowse(errorforid.java:27)
at forerroruserid.errorforid.launchbrowse(errorforid.java:27)
at forerroruserid.errorforid.launchbrowse(errorforid.java:27)
at forerroruserid.errorforid.launchbrowse(errorforid.java:27)
at forerroruserid.errorforid.launchbrowse(errorforid.java:27)
at forerroruserid.errorforid.launchbrowse(errorforid.java:27)
at forerroruserid.errorforid.launchbrowse(errorforid.java:27)
at forerroruserid.errorforid.launchbrowse(errorforid.java:27)
at forerroruserid.errorforid.launchbrowse(errorforid.java:27)
at forerroruserid.errorforid.launchbrowse(errorforid.java:27)
at forerroruserid.errorforid.launchbrowse(errorforid.java:27)
at forerroruserid.errorforid.launchbrowse(errorforid.java:27)
at forerroruserid.errorforid.launchbrowse(errorforid.java:27)
at forerroruserid.errorforid.launchbrowse(errorforid.java:27)
at forerroruserid.errorforid.launchbrowse(errorforid.java:27)
at forerroruserid.errorforid.launchbrowse(errorforid.java:27)
at forerroruserid.errorforid.launchbrowse(errorforid.java:27)
at forerroruserid.errorforid.launchbrowse(errorforid.java:27)
at forerroruserid.errorforid.launchbrowse(errorforid.java:27)
at forerroruserid.errorforid.launchbrowse(errorforid.java:27)
at forerroruserid.errorforid.launchbrowse(errorforid.java:27)
at forerroruserid.errorforid.launchbrowse(errorforid.java:27)
at forerroruserid.errorforid.launchbrowse(errorforid.java:27)
at forerroruserid.errorforid.launchbrowse(errorforid.java:27)
at forerroruserid.errorforid.launchbrowse(errorforid.java:27)
at forerroruserid.errorforid.launchbrowse(errorforid.java:27)
at forerroruserid.errorforid.launchbrowse(errorforid.java:27)
at forerroruserid.errorforid.launchbrowse(errorforid.java:27)
at forerroruserid.errorforid.launchbrowse(errorforid.java:27)
at forerroruserid.errorforid.launchbrowse(errorforid.java:27)
at forerroruserid.errorforid.launchbrowse(errorforid.java:27)
at forerroruserid.errorforid.launchbrowse(errorforid.java:27)
at forerroruserid.errorforid.launchbrowse(errorforid.java:27)
at forerroruserid.errorforid.launchbrowse(errorforid.java:27)
at forerroruserid.errorforid.launchbrowse(errorforid.java:27)
at forerroruserid.errorforid.launchbrowse(errorforid.java:27)
at forerroruserid.errorforid.launchbrowse(errorforid.java:27)
at forerroruserid.errorforid.launchbrowse(errorforid.java:27)
at forerroruserid.errorforid.launchbrowse(errorforid.java:27)
at forerroruserid.errorforid.launchbrowse(errorforid.java:27)
at forerroruserid.errorforid.launchbrowse(errorforid.java:27)
at forerroruserid.errorforid.launchbrowse(errorforid.java:27)
at forerroruserid.errorforid.launchbrowse(errorforid.java:27)
at forerroruserid.errorforid.launchbrowse(errorforid.java:27)
at forerroruserid.errorforid.launchbrowse(errorforid.java:27)
at forerroruserid.errorforid.launchbrowse(errorforid.java:27)
at forerroruserid.errorforid.launchbrowse(errorforid.java:27)
at forerroruserid.errorforid.launchbrowse(errorforid.java:27)
at forerroruserid.errorforid.launchbrowse(errorforid.java:27)
at forerroruserid.errorforid.launchbrowse(errorforid.java:27)
at forerroruserid.errorforid.launchbrowse(errorforid.java:27)
at forerroruserid.errorforid.launchbrowse(errorforid.java:27)
at forerroruserid.errorforid.launchbrowse(errorforid.java:27)
at forerroruserid.errorforid.launchbrowse(errorforid.java:27)
at forerroruserid.errorforid.launchbrowse(errorforid.java:27)
at forerroruserid.errorforid.launchbrowse(errorforid.java:27)
at forerroruserid.errorforid.launchbrowse(errorforid.java:27)
at forerroruserid.errorforid.launchbrowse(errorforid.java:27)
at forerroruserid.errorforid.launchbrowse(errorforid.java:27)
at forerroruserid.errorforid.launchbrowse(errorforid.java:27)
at forerroruserid.errorforid.launchbrowse(errorforid.java:27)
at forerroruserid.errorforid.launchbrowse(errorforid.java:27)
at forerroruserid.errorforid.launchbrowse(errorforid.java:27)
at forerroruserid.errorforid.launchbrowse(errorforid.java:27)
at forerroruserid.errorforid.launchbrowse(errorforid.java:27)
at forerroruserid.errorforid.launchbrowse(errorforid.java:27)
at forerroruserid.errorforid.launchbrowse(errorforid.java:27)
at forerroruserid.errorforid.launchbrowse(errorforid.java:27)
at forerroruserid.errorforid.launchbrowse(errorforid.java:27)
at forerroruserid.errorforid.launchbrowse(errorforid.java:27)
at forerroruserid.errorforid.launchbrowse(errorforid.java:27)
at forerroruserid.errorforid.launchbrowse(errorforid.java:27)
at forerroruserid.errorforid.launchbrowse(errorforid.java:27)
at forerroruserid.errorforid.launchbrowse(errorforid.java:27)
at forerroruserid.errorforid.launchbrowse(errorforid.java:27)
at forerroruserid.errorforid.launchbrowse(errorforid.java:27)
at forerroruserid.errorforid.launchbrowse(errorforid.java:27)
at forerroruserid.errorforid.launchbrowse(errorforid.java:27)
at forerroruserid.errorforid.launchbrowse(errorforid.java:27)
at forerroruserid.errorforid.launchbrowse(errorforid.java:27)
at forerroruserid.errorforid.launchbrowse(errorforid.java:27)
at forerroruserid.errorforid.launchbrowse(errorforid.java:27)
at forerroruserid.errorforid.launchbrowse(errorforid.java:27)
at forerroruserid.errorforid.launchbrowse(errorforid.java:27)
at forerroruserid.errorforid.launchbrowse(errorforid.java:27)
at forerroruserid.errorforid.launchbrowse(errorforid.java:27)
at forerroruserid.errorforid.launchbrowse(errorforid.java:27)
at forerroruserid.errorforid.launchbrowse(errorforid.java:27)
at forerroruserid.errorforid.launchbrowse(errorforid.java:27)
at forerroruserid.errorforid.launchbrowse(errorforid.java:27)
at forerroruserid.errorforid.launchbrowse(errorforid.java:27)
at forerroruserid.errorforid.launchbrowse(errorforid.java:27)
at forerroruserid.errorforid.launchbrowse(errorforid.java:27)
at forerroruserid.errorforid.launchbrowse(errorforid.java:27)
at forerroruserid.errorforid.launchbrowse(errorforid.java:27)
at forerroruserid.errorforid.launchbrowse(errorforid.java:27)
at forerroruserid.errorforid.launchbrowse(errorforid.java:27)
at forerroruserid.errorforid.launchbrowse(errorforid.java:27)
at forerroruserid.errorforid.launchbrowse(errorforid.java:27)
at forerroruserid.errorforid.launchbrowse(errorforid.java:27)
at forerroruserid.errorforid.launchbrowse(errorforid.java:27)
at forerroruserid.errorforid.launchbrowse(errorforid.java:27)
at forerroruserid.errorforid.launchbrowse(errorforid.java:27)
at forerroruserid.errorforid.launchbrowse(errorforid.java:27)
at forerroruserid.errorforid.launchbrowse(errorforid.java:27)
at forerroruserid.errorforid.launchbrowse(errorforid.java:27)
at forerroruserid.errorforid.launchbrowse(errorforid.java:27)
at forerroruserid.errorforid.launchbrowse(errorforid.java:27)
at forerroruserid.errorforid.launchbrowse(errorforid.java:27)
at forerroruserid.errorforid.launchbrowse(errorforid.java:27)
at forerroruserid.errorforid.launchbrowse(errorforid.java:27)
at forerroruserid.errorforid.launchbrowse(errorforid.java:27)
at forerroruserid.errorforid.launchbrowse(errorforid.java:27)
at forerroruserid.errorforid.launchbrowse(errorforid.java:27)
at forerroruserid.errorforid.launchbrowse(errorforid.java:27)
at forerroruserid.errorforid.launchbrowse(errorforid.java:27)
at forerroruserid.errorforid.launchbrowse(errorforid.java:27)
at forerroruserid.errorforid.launchbrowse(errorforid.java:27)
at forerroruserid.errorforid.launchbrowse(errorforid.java:27)
at forerroruserid.errorforid.launchbrowse(errorforid.java:27)
at forerroruserid.errorforid.launchbrowse(errorforid.java:27)
at forerroruserid.errorforid.launchbrowse(errorforid.java:27)
at forerroruserid.errorforid.launchbrowse(errorforid.java:27)
at forerroruserid.errorforid.launchbrowse(errorforid.java:27)
at forerroruserid.errorforid.launchbrowse(errorforid.java:27)
at forerroruserid.errorforid.launchbrowse(errorforid.java:27)
at forerroruserid.errorforid.launchbrowse(errorforid.java:27)
at forerroruserid.errorforid.launchbrowse(errorforid.java:27)
at forerroruserid.errorforid.launchbrowse(errorforid.java:27)
at forerroruserid.errorforid.launchbrowse(errorforid.java:27)
at forerroruserid.errorforid.launchbrowse(errorforid.java:27)
at forerroruserid.errorforid.launchbrowse(errorforid.java:27)
at forerroruserid.errorforid.launchbrowse(errorforid.java:27)
at forerroruserid.errorforid.launchbrowse(errorforid.java:27)
at forerroruserid.errorforid.launchbrowse(errorforid.java:27)
at forerroruserid.errorforid.launchbrowse(errorforid.java:27)
at forerroruserid.errorforid.launchbrowse(errorforid.java:27)
at forerroruserid.errorforid.launchbrowse(errorforid.java:27)
at forerroruserid.errorforid.launchbrowse(errorforid.java:27)
at forerroruserid.errorforid.launchbrowse(errorforid.java:27)
at forerroruserid.errorforid.launchbrowse(errorforid.java:27)
at forerroruserid.errorforid.launchbrowse(errorforid.java:27)
at forerroruserid.errorforid.launchbrowse(errorforid.java:27)
at forerroruserid.errorforid.launchbrowse(errorforid.java:27)
at forerroruserid.errorforid.launchbrowse(errorforid.java:27)
at forerroruserid.errorforid.launchbrowse(errorforid.java:27)
at forerroruserid.errorforid.launchbrowse(errorforid.java:27)
at forerroruserid.errorforid.launchbrowse(errorforid.java:27)
at forerroruserid.errorforid.launchbrowse(errorforid.java:27)
at forerroruserid.errorforid.launchbrowse(errorforid.java:27)
at forerroruserid.errorforid.launchbrowse(errorforid.java:27)
at forerroruserid.errorforid.launchbrowse(errorforid.java:27)
at forerroruserid.errorforid.launchbrowse(errorforid.java:27)
at forerroruserid.errorforid.launchbrowse(errorforid.java:27)
at forerroruserid.errorforid.launchbrowse(errorforid.java:27)
at forerroruserid.errorforid.launchbrowse(errorforid.java:27)
at forerroruserid.errorforid.launchbrowse(errorforid.java:27)
at forerroruserid.errorforid.launchbrowse(errorforid.java:27)
at forerroruserid.errorforid.launchbrowse(errorforid.java:27)
at forerroruserid.errorforid.launchbrowse(errorforid.java:27)
at forerroruserid.errorforid.launchbrowse(errorforid.java:27)
at forerroruserid.errorforid.launchbrowse(errorforid.java:27)
]]>
    </error>
  </testcase> <!-- launchbrowse -->
  <system-out/>
</testsuite> <!-- forerroruserid.errorforid -->
